<?xml version="1.0" encoding="UTF-8"?>
<!-- Generated by org.testng.reporters.JUnitXMLReporter -->
<testsuite ignored="3" hostname="Hemants-MBP.home" failures="0" tests="1" name="Default test" time="1.202" errors="0" timestamp="2020-11-16T20:48:21 EST">
  <testcase classname="sw409.EmployeeAPITest.EmployeeAPITestMain" name="testUpdate" time="1.175"/>
  <testcase classname="sw409.EmployeeAPITest.EmployeeAPITestMain" name="testGetAllEmployees" time="0.0">
    <ignored/>
  </testcase> <!-- testGetAllEmployees -->
  <testcase classname="sw409.EmployeeAPITest.EmployeeAPITestMain" name="testDelete" time="0.0">
    <ignored/>
  </testcase> <!-- testDelete -->
  <testcase classname="sw409.EmployeeAPITest.EmployeeAPITestMain" name="testCreate" time="0.0">
    <ignored/>
  </testcase> <!-- testCreate -->
</testsuite> <!-- Default test -->
