<?xml version="1.0" encoding="UTF-8"?>
<testng-results ignored="3" total="4" passed="1" failed="0" skipped="0">
  <reporter-output>
  </reporter-output>
  <suite started-at="2020-11-16T20:48:20 EST" name="Default suite" finished-at="2020-11-16T20:48:21 EST" duration-ms="1202">
    <groups>
    </groups>
    <test started-at="2020-11-16T20:48:20 EST" name="Default test" finished-at="2020-11-16T20:48:21 EST" duration-ms="1202">
      <class name="sw409.EmployeeAPITest.EmployeeAPITestMain">
        <test-method signature="testUpdate()[pri:0, instance:sw409.EmployeeAPITest.EmployeeAPITestMain@5609159b]" started-at="2020-11-16T20:48:20 EST" name="testUpdate" finished-at="2020-11-16T20:48:21 EST" duration-ms="1175" status="PASS">
          <reporter-output>
          </reporter-output>
        </test-method> <!-- testUpdate -->
      </class> <!-- sw409.EmployeeAPITest.EmployeeAPITestMain -->
    </test> <!-- Default test -->
  </suite> <!-- Default suite -->
</testng-results>
